Arguments: 
  /usr/local/Cellar/node/12.12.0/bin/node /usr/local/Cellar/yarn/1.19.1/libexec/bin/yarn.js add @typescript-eslint/parser @typescript-eslint/eslint-plugin eslint-plugin-react --dev

PATH: 
  /usr/local/bin:/usr/bin:/bin:/usr/sbin:/sbin

Yarn version: 
  1.19.1

Node version: 
  12.12.0

Platform: 
  darwin x64

Trace: 
  SyntaxError: /Users/xumengxiang/Documents/07.Github/typescript-hooks-spa/package.json: Unexpected token } in JSON at position 625
      at JSON.parse (<anonymous>)
      at /usr/local/Cellar/yarn/1.19.1/libexec/lib/cli.js:1625:59
      at Generator.next (<anonymous>)
      at step (/usr/local/Cellar/yarn/1.19.1/libexec/lib/cli.js:304:30)
      at /usr/local/Cellar/yarn/1.19.1/libexec/lib/cli.js:315:13

npm manifest: 
  {
    "name": "typescript-hooks-spa",
    "version": "1.0.0",
    "main": "index.js",
    "scripts": {
      "format": "prettier --write src/**/*.ts{,x}",
      "lint": "tsc --noEmit && eslint src/**/*.ts{,x}"
    },
    "repository": {
      "type": "git",
      "url": "git+https://github.com/Xumengxiang/typescript-hooks-spa.git"
    },
    "author": "xu.mengxiang",
    "license": "MIT",
    "bugs": {
      "url": "https://github.com/Xumengxiang/typescript-hooks-spa/issues"
    },
    "homepage": "https://github.com/Xumengxiang/typescript-hooks-spa#readme",
    "description": "",
    "dependencies": {
      "react": "^17.0.1"
    },
    "devDependencies": {},
  }

yarn manifest: 
  No manifest

Lockfile: 
  # THIS IS AN AUTOGENERATED FILE. DO NOT EDIT THIS FILE DIRECTLY.
  # yarn lockfile v1
  
  
  "js-tokens@^3.0.0 || ^4.0.0":
    version "4.0.0"
    resolved "https://registry.npm.taobao.org/js-tokens/download/js-tokens-4.0.0.tgz#19203fb59991df98e3a287050d4647cdeaf32499"
    integrity sha1-GSA/tZmR35jjoocFDUZHzerzJJk=
  
  loose-envify@^1.1.0:
    version "1.4.0"
    resolved "https://registry.npm.taobao.org/loose-envify/download/loose-envify-1.4.0.tgz#71ee51fa7be4caec1a63839f7e682d8132d30caf"
    integrity sha1-ce5R+nvkyuwaY4OffmgtgTLTDK8=
    dependencies:
      js-tokens "^3.0.0 || ^4.0.0"
  
  object-assign@^4.1.1:
    version "4.1.1"
    resolved "https://registry.npm.taobao.org/object-assign/download/object-assign-4.1.1.tgz#2109adc7965887cfc05cbbd442cac8bfbb360863"
    integrity sha1-IQmtx5ZYh8/AXLvUQsrIv7s2CGM=
  
  react@^17.0.1:
    version "17.0.1"
    resolved "https://registry.npm.taobao.org/react/download/react-17.0.1.tgz#6e0600416bd57574e3f86d92edba3d9008726127"
    integrity sha1-bgYAQWvVdXTj+G2S7bo9kAhyYSc=
    dependencies:
      loose-envify "^1.1.0"
      object-assign "^4.1.1"
